Using pre-set license
Built from '2020.3/staging' branch; Version is '2020.3.0f1 (c7b5465681fb) revision 13088070'; Using compiler version '192528614'; Build Type 'Release'
OS: 'Windows 10 Pro; OS build 18362.900; Version 1903; 64bit' Language: 'en' Physical Memory: 32611 MB
BatchMode: 1, IsHumanControllingUs: 0, StartBugReporterOnCrash: 0, Is64bit: 1, IsPro: 0

 COMMAND LINE ARGUMENTS:
C:\Users\andriik\Documents\Unity3D\2020.3.0f1\Editor\Unity.exe
-adb2
-batchMode
-noUpm
-name
AssetImportWorker0
-projectPath
C:/Users/andriik/Documents/Unity3D/FlappyBird
-logFile
Logs/AssetImportWorker0.log
-srvPort
49313
Successfully changed project path to: C:/Users/andriik/Documents/Unity3D/FlappyBird
C:/Users/andriik/Documents/Unity3D/FlappyBird
Using Asset Import Pipeline V2.
Refreshing native plugins compatible for Editor in 85.38 ms, found 1 plugins.
Preloading 0 native plugins for Editor in 0.00 ms.
Initialize engine version: 2020.3.0f1 (c7b5465681fb)
[Subsystems] Discovering subsystems at path C:/Users/andriik/Documents/Unity3D/2020.3.0f1/Editor/Data/Resources/UnitySubsystems
[Subsystems] Discovering subsystems at path C:/Users/andriik/Documents/Unity3D/FlappyBird/Assets
GfxDevice: creating device client; threaded=0
Direct3D:
    Version:  Direct3D 11.0 [level 11.1]
    Renderer: Intel(R) UHD Graphics 620 (ID=0x5917)
    Vendor:   
    VRAM:     16305 MB
    Driver:   26.20.100.7262
Initialize mono
Mono path[0] = 'C:/Users/andriik/Documents/Unity3D/2020.3.0f1/Editor/Data/Managed'
Mono path[1] = 'C:/Users/andriik/Documents/Unity3D/2020.3.0f1/Editor/Data/MonoBleedingEdge/lib/mono/unityjit'
Mono config path = 'C:/Users/andriik/Documents/Unity3D/2020.3.0f1/Editor/Data/MonoBleedingEdge/etc'
Using monoOptions --debugger-agent=transport=dt_socket,embedding=1,server=y,suspend=n,address=127.0.0.1:56908
Begin MonoManager ReloadAssembly
Registering precompiled unity dll's ...
Register platform support module: C:/Users/andriik/Documents/Unity3D/2020.3.0f1/Editor/Data/PlaybackEngines/WindowsStandaloneSupport/UnityEditor.WindowsStandalone.Extensions.dll
Registered in 0.003510 seconds.
Native extension for WindowsStandalone target not found
Refreshing native plugins compatible for Editor in 161.10 ms, found 1 plugins.
Preloading 0 native plugins for Editor in 0.00 ms.
Invoked RoslynAnalysisRunner static constructor.
RoslynAnalysisRunner will not be running.
RoslynAnalysisRunner has terminated.
Mono: successfully reloaded assembly
- Completed reload, in  7.712 seconds
Platform modules already initialized, skipping
Registering precompiled user dll's ...
Registered in 0.002230 seconds.
Begin MonoManager ReloadAssembly
Native extension for WindowsStandalone target not found
Refreshing native plugins compatible for Editor in 116.00 ms, found 1 plugins.
Preloading 0 native plugins for Editor in 0.00 ms.
Invoked RoslynAnalysisRunner static constructor.
RoslynAnalysisRunner will not be running.
RoslynAnalysisRunner has terminated.
Mono: successfully reloaded assembly
- Completed reload, in  3.792 seconds
Platform modules already initialized, skipping
========================================================================
Worker process is ready to serve import requests
Launched and connected shader compiler UnityShaderCompiler.exe after 0.17 seconds
Refreshing native plugins compatible for Editor in 0.78 ms, found 1 plugins.
Preloading 0 native plugins for Editor in 0.00 ms.
Unloading 1820 Unused Serialized files (Serialized files now loaded: 0)
System memory in use before: 85.0 MB.
System memory in use after: 85.0 MB.

Unloading 24 unused Assets to reduce memory usage. Loaded Objects now: 2263.
Total: 3.568900 ms (FindLiveObjects: 0.305400 ms CreateObjectMapping: 0.134900 ms MarkObjects: 2.843300 ms  DeleteObjects: 0.282200 ms)

========================================================================
Received Import Request.
  path: Assets/Scenes/GameScene.unity
  artifactKey: Guid(2cda990e2423bbf4892e6590ba056729) Importer(815301076,1909f56bfc062723c751e8b465ee728b)
Start importing Assets/Scenes/GameScene.unity using Guid(2cda990e2423bbf4892e6590ba056729) Importer(815301076,1909f56bfc062723c751e8b465ee728b)  -> (artifact id: '2ce7ee47076fc1a420e96aa65779cdf9') in 0.049774 seconds
  Import took 0.057147 seconds .

========================================================================
Received Import Request.
  Time since last request: 43.402875 seconds.
  path: Assets/Textures/Background.png
  artifactKey: Guid(e2516176ecb5f514f8ab93be186e7503) Importer(815301076,1909f56bfc062723c751e8b465ee728b)
Start importing Assets/Textures/Background.png using Guid(e2516176ecb5f514f8ab93be186e7503) Importer(815301076,1909f56bfc062723c751e8b465ee728b)  -> (artifact id: '63155bf7e1e31c34ab1396e8b0b6d180') in 0.584402 seconds
  Import took 0.594583 seconds .

========================================================================
Received Import Request.
  Time since last request: 0.000886 seconds.
  path: Assets/Textures/PipeBody.png
  artifactKey: Guid(07700670186263f4992bf30aa5d1cf75) Importer(815301076,1909f56bfc062723c751e8b465ee728b)
Start importing Assets/Textures/PipeBody.png using Guid(07700670186263f4992bf30aa5d1cf75) Importer(815301076,1909f56bfc062723c751e8b465ee728b)  -> (artifact id: '8679250c62a6c9eafbef3115261f3ed1') in 0.039110 seconds
  Import took 0.051146 seconds .

========================================================================
Received Import Request.
  Time since last request: 0.001602 seconds.
  path: Assets/Textures/Bird.png
  artifactKey: Guid(e8585b4c608ceae4f834fab8e477116b) Importer(815301076,1909f56bfc062723c751e8b465ee728b)
Start importing Assets/Textures/Bird.png using Guid(e8585b4c608ceae4f834fab8e477116b) Importer(815301076,1909f56bfc062723c751e8b465ee728b)  -> (artifact id: '558377f763a0eed6d5ed22ff17a7c961') in 0.061166 seconds
  Import took 0.069546 seconds .

========================================================================
Received Import Request.
  Time since last request: 0.000808 seconds.
  path: Assets/Textures/BirdFlap.png
  artifactKey: Guid(94b965483067db245a8dc11222fab9ec) Importer(815301076,1909f56bfc062723c751e8b465ee728b)
Start importing Assets/Textures/BirdFlap.png using Guid(94b965483067db245a8dc11222fab9ec) Importer(815301076,1909f56bfc062723c751e8b465ee728b)  -> (artifact id: 'baa6b947dfda714c88cb0880b5bc02ab') in 0.051860 seconds
  Import took 0.105283 seconds .

========================================================================
Received Import Request.
  Time since last request: 0.001146 seconds.
  path: Assets/Textures/White_1x1.png
  artifactKey: Guid(5a0202bd05452c74bb5ca84f278818bd) Importer(815301076,1909f56bfc062723c751e8b465ee728b)
Start importing Assets/Textures/White_1x1.png using Guid(5a0202bd05452c74bb5ca84f278818bd) Importer(815301076,1909f56bfc062723c751e8b465ee728b)  -> (artifact id: 'eaa88abd6bb444acfbfb7f872950e03e') in 0.051700 seconds
  Import took 0.061455 seconds .

========================================================================
Received Import Request.
  Time since last request: 0.001036 seconds.
  path: Assets/Textures/Border.png
  artifactKey: Guid(d262d4753abdac5469a0517c10e35667) Importer(815301076,1909f56bfc062723c751e8b465ee728b)
Start importing Assets/Textures/Border.png using Guid(d262d4753abdac5469a0517c10e35667) Importer(815301076,1909f56bfc062723c751e8b465ee728b)  -> (artifact id: '1d5e36e2a6a88daedab43b51eca72e82') in 0.034431 seconds
  Import took 0.046592 seconds .

========================================================================
Received Import Request.
  Time since last request: 0.001131 seconds.
  path: Assets/Textures/Clouds_1.png
  artifactKey: Guid(594e02c271fa51e4aada7851a6adf506) Importer(815301076,1909f56bfc062723c751e8b465ee728b)
Start importing Assets/Textures/Clouds_1.png using Guid(594e02c271fa51e4aada7851a6adf506) Importer(815301076,1909f56bfc062723c751e8b465ee728b)  -> (artifact id: '3fb0dd9fd05c1d7d1c126f8a4db6832a') in 0.065704 seconds
  Import took 0.080238 seconds .

========================================================================
Received Import Request.
  Time since last request: 0.001683 seconds.
  path: Assets/Textures/Clouds_3.png
  artifactKey: Guid(fe16d628be11f844386d15eacf84d6a4) Importer(815301076,1909f56bfc062723c751e8b465ee728b)
Start importing Assets/Textures/Clouds_3.png using Guid(fe16d628be11f844386d15eacf84d6a4) Importer(815301076,1909f56bfc062723c751e8b465ee728b)  -> (artifact id: 'c075da819def375f9af0a664f9ad2852') in 0.123312 seconds
  Import took 0.134540 seconds .

========================================================================
Received Import Request.
  Time since last request: 0.000989 seconds.
  path: Assets/Textures/Ground.png
  artifactKey: Guid(95a957f1e67a5474f81de207bad78fd4) Importer(815301076,1909f56bfc062723c751e8b465ee728b)
Start importing Assets/Textures/Ground.png using Guid(95a957f1e67a5474f81de207bad78fd4) Importer(815301076,1909f56bfc062723c751e8b465ee728b)  -> (artifact id: '818f6435fafab877bbb1ec71b285ca84') in 0.083653 seconds
  Import took 0.094429 seconds .

========================================================================
Received Import Request.
  Time since last request: 0.001079 seconds.
  path: Assets/Textures/BirdFlap_2.png
  artifactKey: Guid(657099a2b7dcc3443aaba6125c8c4550) Importer(815301076,1909f56bfc062723c751e8b465ee728b)
Start importing Assets/Textures/BirdFlap_2.png using Guid(657099a2b7dcc3443aaba6125c8c4550) Importer(815301076,1909f56bfc062723c751e8b465ee728b)  -> (artifact id: 'ce44d0f7294ffac6ed9fff4cbfc6bc4e') in 0.142920 seconds
  Import took 0.178180 seconds .

========================================================================
Received Import Request.
  Time since last request: 0.000946 seconds.
  path: Assets/Textures/BirdFlapWhite.png
  artifactKey: Guid(f788a089b0c1313468955cf889842a81) Importer(815301076,1909f56bfc062723c751e8b465ee728b)
Start importing Assets/Textures/BirdFlapWhite.png using Guid(f788a089b0c1313468955cf889842a81) Importer(815301076,1909f56bfc062723c751e8b465ee728b)  -> (artifact id: 'a51176119daddee88c71565bb8886529') in 0.142607 seconds
  Import took 0.152437 seconds .

========================================================================
Received Import Request.
  Time since last request: 0.001523 seconds.
  path: Assets/Textures/Clouds_2.png
  artifactKey: Guid(34e7c9fe65e86da4f97063a9101c0671) Importer(815301076,1909f56bfc062723c751e8b465ee728b)
Start importing Assets/Textures/Clouds_2.png using Guid(34e7c9fe65e86da4f97063a9101c0671) Importer(815301076,1909f56bfc062723c751e8b465ee728b)  -> (artifact id: '00228608cf31682384cb2413ea5ca9f8') in 0.115445 seconds
  Import took 0.134079 seconds .

========================================================================
Received Import Request.
  Time since last request: 0.000950 seconds.
  path: Assets/Textures/PipeHead.png
  artifactKey: Guid(165625e1f34d18e419d1c11d5ac1e5c6) Importer(815301076,1909f56bfc062723c751e8b465ee728b)
Start importing Assets/Textures/PipeHead.png using Guid(165625e1f34d18e419d1c11d5ac1e5c6) Importer(815301076,1909f56bfc062723c751e8b465ee728b)  -> (artifact id: '1642cd0fa5f00758452088391bd5f651') in 0.036357 seconds
  Import took 0.045725 seconds .

========================================================================
Received Prepare
Registering precompiled user dll's ...
Registered in 0.002673 seconds.
Begin MonoManager ReloadAssembly
Native extension for WindowsStandalone target not found
Refreshing native plugins compatible for Editor in 0.84 ms, found 1 plugins.
Preloading 0 native plugins for Editor in 0.00 ms.
Invoked RoslynAnalysisRunner static constructor.
RoslynAnalysisRunner will not be running.
RoslynAnalysisRunner has terminated.
Mono: successfully reloaded assembly
- Completed reload, in  3.737 seconds
Platform modules already initialized, skipping
Switching build target platform(5) subTarget(0) extendedPlatform(0) -> platform(13) subTarget(537395200) extendedPlatform(0)
Refreshing native plugins compatible for Editor in 0.77 ms, found 1 plugins.
Preloading 0 native plugins for Editor in 0.00 ms.
Unloading 1818 Unused Serialized files (Serialized files now loaded: 0)
System memory in use before: 88.1 MB.
System memory in use after: 88.1 MB.

Unloading 12 unused Assets to reduce memory usage. Loaded Objects now: 2287.
Total: 4.361700 ms (FindLiveObjects: 0.376000 ms CreateObjectMapping: 0.155100 ms MarkObjects: 3.614400 ms  DeleteObjects: 0.213700 ms)

AssetImportParameters requested are different than current active one (requested -> active):
  custom:graphics/normal-map-encoding: 01000000000000000000000000000000 -> 02000000000000000000000000000000
========================================================================
Received Import Request.
  Time since last request: 857.983773 seconds.
  path: Assets/Animations/GameOverAnimation.anim
  artifactKey: Guid(0b1cd6d42f362014b9a244ed9ea3b781) Importer(815301076,1909f56bfc062723c751e8b465ee728b)
Start importing Assets/Animations/GameOverAnimation.anim using Guid(0b1cd6d42f362014b9a244ed9ea3b781) Importer(815301076,1909f56bfc062723c751e8b465ee728b)  -> (artifact id: 'f1a173f5c4ddf8bdcf389c9d633fde7f') in 0.048941 seconds
  Import took 0.056853 seconds .

========================================================================
Received Import Request.
  Time since last request: 122.402981 seconds.
  path: Assets/Sounds/BirdJump.wav
  artifactKey: Guid(98180c6e462e607418d56d13fd9ec3ca) Importer(815301076,1909f56bfc062723c751e8b465ee728b)
Start importing Assets/Sounds/BirdJump.wav using Guid(98180c6e462e607418d56d13fd9ec3ca) Importer(815301076,1909f56bfc062723c751e8b465ee728b)  -> (artifact id: '9c69a4ebe5ff06c983e0ef8bdf38e0a0') in 0.207194 seconds
  Import took 0.212781 seconds .

========================================================================
Received Import Request.
  Time since last request: 0.000545 seconds.
  path: Assets/Sounds/Lose.wav
  artifactKey: Guid(c83e7e5393d1659448e80560191bf90c) Importer(815301076,1909f56bfc062723c751e8b465ee728b)
Start importing Assets/Sounds/Lose.wav using Guid(c83e7e5393d1659448e80560191bf90c) Importer(815301076,1909f56bfc062723c751e8b465ee728b)  -> (artifact id: 'a81cb4ee8521308d6482802cf533b52e') in 0.021857 seconds
  Import took 0.029374 seconds .

========================================================================
Received Import Request.
  Time since last request: 0.000747 seconds.
  path: Assets/Sounds/ButtonOver.wav
  artifactKey: Guid(7ee51524b4e36554f92f522a6bd265e0) Importer(815301076,1909f56bfc062723c751e8b465ee728b)
Start importing Assets/Sounds/ButtonOver.wav using Guid(7ee51524b4e36554f92f522a6bd265e0) Importer(815301076,1909f56bfc062723c751e8b465ee728b)  -> (artifact id: '949b2298cf0bd445a082d5e29f70a878') in 0.031980 seconds
  Import took 0.052419 seconds .

========================================================================
Received Import Request.
  Time since last request: 0.018092 seconds.
  path: Assets/Sounds/Score.wav
  artifactKey: Guid(60b8fee85b42f51488f4b61d7f67d914) Importer(815301076,1909f56bfc062723c751e8b465ee728b)
Start importing Assets/Sounds/Score.wav using Guid(60b8fee85b42f51488f4b61d7f67d914) Importer(815301076,1909f56bfc062723c751e8b465ee728b)  -> (artifact id: '4b6896f8887ea29fd162a8da1cdcad98') in 0.027034 seconds
  Import took 0.034904 seconds .

========================================================================
Received Import Request.
  Time since last request: 0.000875 seconds.
  path: Assets/Sounds/ButtonClick.wav
  artifactKey: Guid(c53c3cd5e519d7741a15bed2f1e9ef6b) Importer(815301076,1909f56bfc062723c751e8b465ee728b)
Start importing Assets/Sounds/ButtonClick.wav using Guid(c53c3cd5e519d7741a15bed2f1e9ef6b) Importer(815301076,1909f56bfc062723c751e8b465ee728b)  -> (artifact id: '02e836408554ead87fa63c0c2aecde9b') in 0.024793 seconds
  Import took 0.031159 seconds .

========================================================================
Received Import Request.
  Time since last request: 27.560886 seconds.
  path: Assets/Scripts/Bird.cs
  artifactKey: Guid(84054c672e890c040bd5520a223a7242) Importer(815301076,1909f56bfc062723c751e8b465ee728b)
Start importing Assets/Scripts/Bird.cs using Guid(84054c672e890c040bd5520a223a7242) Importer(815301076,1909f56bfc062723c751e8b465ee728b)  -> (artifact id: 'ff576ac7f275f191ffefd31eabe6ccef') in 0.042826 seconds
  Import took 0.188763 seconds .

AssetImportWorkerClient::OnTransportError - code=2 error=End of file
